<?xml version="1.0" encoding="UTF-8"?>
<testsuite xmlns:xsi="http://www.w3.org/2001/XMLSchema-instance" xsi:noNamespaceSchemaLocation="https://maven.apache.org/surefire/maven-surefire-plugin/xsd/surefire-test-report.xsd" version="3.0.2" name="com.traveldiary.TripAdminResourceTest" time="0.066" tests="5" errors="0" skipped="0" failures="0">
  <properties>
[...]
</properties>
  <testcase name="create_requiresAdminAuth" classname="com.traveldiary.TripAdminResourceTest" time="0.006"/>
  <testcase name="create_withAdmin_createsTrip" classname="com.traveldiary.TripAdminResourceTest" time="0.012"/>
  <testcase name="findOne_returnsTrip" classname="com.traveldiary.TripAdminResourceTest" time="0.02"/>
  <testcase name="update_updatesTrip" classname="com.traveldiary.TripAdminResourceTest" time="0.016"/>
  <testcase name="delete_removesTrip" classname="com.traveldiary.TripAdminResourceTest" time="0.01"/>
</testsuite>